e:\vms\shared\gbclient\gbclient\x64\debug\vc142.pdb
e:\vms\shared\gbclient\gbclient\x64\debug\vc142.idb
e:\vms\shared\gbclient\gbclient\x64\debug\qrc_gbclient.obj
e:\vms\shared\gbclient\gbclient\x64\debug\main.obj
e:\vms\shared\gbclient\gbclient\x64\debug\gbclient.obj
e:\vms\shared\gbclient\gbclient\x64\debug\moc_gbclient.obj
e:\vms\shared\gbclient\gbclient\x64\debug\inputedit.obj
e:\vms\shared\gbclient\gbclient\x64\debug\moc_inputedit.obj
e:\vms\shared\gbclient\gbclient\x64\debug\uic\ui_gbclient.h
e:\vms\shared\gbclient\gbclient\x64\debug\rcc\qrc_gbclient.cpp
e:\vms\shared\gbclient\gbclient\x64\debug\moc\moc_gbclient.cpp
e:\vms\shared\gbclient\gbclient\x64\debug\uic\ui_inputedit.h
e:\vms\shared\gbclient\gbclient\x64\debug\moc\moc_inputedit.cpp
e:\vms\shared\gbclient\x64\debug\gbclient.exe
e:\vms\shared\gbclient\gbclient\x64\debug\gbclient.ilk
e:\vms\shared\gbclient\x64\debug\gbclient.pdb
e:\vms\shared\gbclient\gbclient\x64\debug\gbclient.tlog\cl.command.1.tlog
e:\vms\shared\gbclient\gbclient\x64\debug\gbclient.tlog\cl.read.1.tlog
e:\vms\shared\gbclient\gbclient\x64\debug\gbclient.tlog\cl.write.1.tlog
e:\vms\shared\gbclient\gbclient\x64\debug\gbclient.tlog\gbclient.write.1u.tlog
e:\vms\shared\gbclient\gbclient\x64\debug\gbclient.tlog\link.command.1.tlog
e:\vms\shared\gbclient\gbclient\x64\debug\gbclient.tlog\link.read.1.tlog
e:\vms\shared\gbclient\gbclient\x64\debug\gbclient.tlog\link.write.1.tlog
e:\vms\shared\gbclient\gbclient\x64\debug\gbclient.tlog\moc.read.1u.tlog
e:\vms\shared\gbclient\gbclient\x64\debug\gbclient.tlog\moc.write.1u.tlog
e:\vms\shared\gbclient\gbclient\x64\debug\gbclient.tlog\rcc.read.1u.tlog
e:\vms\shared\gbclient\gbclient\x64\debug\gbclient.tlog\rcc.write.1u.tlog
e:\vms\shared\gbclient\gbclient\x64\debug\gbclient.tlog\uic.read.1u.tlog
e:\vms\shared\gbclient\gbclient\x64\debug\gbclient.tlog\uic.write.1u.tlog
